{"/Users/felixding/projects/HR_FEC/airbnb-related-suggestion/client/components/testComponent.js": {"path":"/Users/felixding/projects/HR_FEC/airbnb-related-suggestion/client/components/testComponent.js","statementMap":{"0":{"start":{"line":3,"column":22},"end":{"line":5,"column":1}},"1":{"start":{"line":4,"column":2},"end":{"line":4,"column":19}}},"fnMap":{"0":{"name":"(anonymous_0)","decl":{"start":{"line":3,"column":22},"end":{"line":3,"column":23}},"loc":{"start":{"line":4,"column":2},"end":{"line":4,"column":19}},"line":4}},"branchMap":{},"s":{"0":1,"1":1},"f":{"0":1},"b":{},"_coverageSchema":"43e27e138ebf9cfc5966b082cf9a028302ed4184","hash":"a8e8242f1f83118263402388008ad29791875ab1"}
}
